#
# There is insufficient memory for the Java Runtime Environment to continue.
# Native memory allocation (mmap) failed to map 266338304 bytes for G1 virtual space
# Possible reasons:
#   The system is out of physical RAM or swap space
#   The process is running with CompressedOops enabled, and the Java Heap may be blocking the growth of the native heap
# Possible solutions:
#   Reduce memory load on the system
#   Increase physical memory or swap space
#   Check if swap backing store is full
#   Decrease Java heap size (-Xmx/-Xms)
#   Decrease number of Java threads
#   Decrease Java thread stack sizes (-Xss)
#   Set larger code cache with -XX:ReservedCodeCacheSize=
#   JVM is running with Zero Based Compressed Oops mode in which the Java heap is
#     placed in the first 32GB address space. The Java Heap base address is the
#     maximum limit for the native heap growth. Please use -XX:HeapBaseMinAddress
#     to set the Java Heap base and to place the Java Heap above 32GB virtual address.
# This output file may be truncated or incomplete.
#
#  Out of Memory Error (os_windows.cpp:3600), pid=33004, tid=23084
#
# JRE version:  (21.0.5+9) (build )
# Java VM: Java HotSpot(TM) 64-Bit Server VM (21.0.5+9-LTS-239, mixed mode, sharing, tiered, compressed oops, compressed class ptrs, g1 gc, windows-amd64)
# No core dump will be written. Minidumps are not enabled by default on client versions of Windows
#

---------------  S U M M A R Y ------------

Command Line: -Dclassworlds.conf=C:\apache-maven-3.9.2\bin\m2.conf -Dmaven.home=C:\apache-maven-3.9.2 -Dlibrary.jansi.path=C:\apache-maven-3.9.2\lib\jansi-native -Dmaven.multiModuleProjectDirectory=D:\Learning Workspace\Projects\posthub\posthub-main\backend org.codehaus.plexus.classworlds.launcher.Launcher spring-boot:run

Host: Intel(R) Core(TM) i5-10400 CPU @ 2.90GHz, 12 cores, 15G,  Windows 10 , 64 bit Build 19041 (10.0.19041.5198)
Time: Tue May 13 19:09:56 2025 India Standard Time elapsed time: 0.014854 seconds (0d 0h 0m 0s)

---------------  T H R E A D  ---------------

Current thread (0x00000263094ff840):  JavaThread "Unknown thread" [_thread_in_vm, id=23084, stack(0x000000be54300000,0x000000be54400000) (1024K)]

Stack: [0x000000be54300000,0x000000be54400000]
Native frames: (J=compiled Java code, j=interpreted, Vv=VM code, C=native code)
V  [jvm.dll+0x6ca289]
V  [jvm.dll+0x854a51]
V  [jvm.dll+0x856f7e]
V  [jvm.dll+0x857653]
V  [jvm.dll+0x27dd26]
V  [jvm.dll+0x6c6a25]
V  [jvm.dll+0x6bb5aa]
V  [jvm.dll+0x35359a]
V  [jvm.dll+0x35b1f6]
V  [jvm.dll+0x3adade]
V  [jvm.dll+0x3add88]
V  [jvm.dll+0x3278fc]
V  [jvm.dll+0x32845b]
V  [jvm.dll+0x81de19]
V  [jvm.dll+0x3ba7c1]
V  [jvm.dll+0x807168]
V  [jvm.dll+0x44f96e]
V  [jvm.dll+0x451561]
C  [jli.dll+0x52a3]
C  [ucrtbase.dll+0x21bb2]
C  [KERNEL32.DLL+0x17374]
C  [ntdll.dll+0x4cc91]


---------------  P R O C E S S  ---------------

Threads class SMR info:
_java_thread_list=0x00007ffd133eac08, length=0, elements={
}

Java Threads: ( => current thread )
Total: 0

Other Threads:
  0x000002630955f060 WorkerThread "GC Thread#0"                     [id=19820, stack(0x000000be54400000,0x000000be54500000) (1024K)]
  0x000002630956fd80 ConcurrentGCThread "G1 Main Marker"            [id=22140, stack(0x000000be54500000,0x000000be54600000) (1024K)]
  0x00000263095713a0 WorkerThread "G1 Conc#0"                       [id=33040, stack(0x000000be54600000,0x000000be54700000) (1024K)]

[error occurred during error reporting (printing all threads), id 0xc0000005, EXCEPTION_ACCESS_VIOLATION (0xc0000005) at pc=0x00007ffd12b5a087]
VM state: not at safepoint (not fully initialized)

VM Mutex/Monitor currently owned by a thread:  ([mutex/lock_event])
[0x00007ffd1345bf98] Heap_lock - owner thread: 0x00000263094ff840

Heap address: 0x0000000703600000, size: 4042 MB, Compressed Oops mode: Zero based, Oop shift amount: 3

CDS archive(s) mapped at: [0x0000000000000000-0x0000000000000000-0x0000000000000000), size 0, SharedBaseAddress: 0x0000000800000000, ArchiveRelocationMode: 1.
Narrow klass base: 0x0000000000000000, Narrow klass shift: 0, Narrow klass range: 0x0

GC Precious Log:
 CardTable entry size: 512
 Card Set container configuration: InlinePtr #cards 4 size 8 Array Of Cards #cards 16 size 48 Howl #buckets 8 coarsen threshold 3686 Howl Bitmap #cards 512 size 80 coarsen threshold 460 Card regions per heap region 1 cards per card region 4096

Heap:
 garbage-first heap   total 0K, used 0K [0x0000000703600000, 0x0000000800000000)
  region size 2048K, 0 young (0K), 0 survivors (0K)

[error occurred during error reporting (printing heap information), id 0xc0000005, EXCEPTION_ACCESS_VIOLATION (0xc0000005) at pc=0x00007ffd12f43259]
GC Heap History (0 events):
No events

Dll operation events (1 events):
Event: 0.007 Loaded shared library C:\Program Files\Java\jdk-21.0.5\bin\java.dll

Deoptimization events (0 events):
No events

Classes loaded (0 events):
No events

Classes unloaded (0 events):
No events

Classes redefined (0 events):
No events

Internal exceptions (0 events):
No events

ZGC Phase Switch (0 events):
No events

VM Operations (0 events):
No events

Events (0 events):
No events


Dynamic libraries:
0x00007ff674c70000 - 0x00007ff674c80000 	C:\Program Files\Java\jdk-21.0.5\bin\java.exe
0x00007ffd840f0000 - 0x00007ffd842e8000 	C:\Windows\SYSTEM32\ntdll.dll
0x00007ffd83670000 - 0x00007ffd83732000 	C:\Windows\System32\KERNEL32.DLL
0x00007ffd819f0000 - 0x00007ffd81cef000 	C:\Windows\System32\KERNELBASE.dll
0x00007ffd81780000 - 0x00007ffd81880000 	C:\Windows\System32\ucrtbase.dll
0x00007ffd5c5a0000 - 0x00007ffd5c5bb000 	C:\Program Files\Java\jdk-21.0.5\bin\VCRUNTIME140.dll
0x00007ffd72090000 - 0x00007ffd720a9000 	C:\Program Files\Java\jdk-21.0.5\bin\jli.dll
0x00007ffd82c90000 - 0x00007ffd82d41000 	C:\Windows\System32\ADVAPI32.dll
0x00007ffd83a70000 - 0x00007ffd83b0e000 	C:\Windows\System32\msvcrt.dll
0x00007ffd82ef0000 - 0x00007ffd82f8f000 	C:\Windows\System32\sechost.dll
0x00007ffd823f0000 - 0x00007ffd82513000 	C:\Windows\System32\RPCRT4.dll
0x00007ffd820d0000 - 0x00007ffd820f7000 	C:\Windows\System32\bcrypt.dll
0x00007ffd82d50000 - 0x00007ffd82eed000 	C:\Windows\System32\USER32.dll
0x00007ffd820a0000 - 0x00007ffd820c2000 	C:\Windows\System32\win32u.dll
0x00007ffd6cd10000 - 0x00007ffd6cfaa000 	C:\Windows\WinSxS\amd64_microsoft.windows.common-controls_6595b64144ccf1df_6.0.19041.4355_none_60b8b9eb71f62e16\COMCTL32.dll
0x00007ffd83a40000 - 0x00007ffd83a6b000 	C:\Windows\System32\GDI32.dll
0x00007ffd81f80000 - 0x00007ffd82097000 	C:\Windows\System32\gdi32full.dll
0x00007ffd81d80000 - 0x00007ffd81e1d000 	C:\Windows\System32\msvcp_win.dll
0x00007ffd7c350000 - 0x00007ffd7c35a000 	C:\Windows\SYSTEM32\VERSION.dll
0x00007ffd82f90000 - 0x00007ffd82fbf000 	C:\Windows\System32\IMM32.DLL
0x00007ffd6aed0000 - 0x00007ffd6b02a000 	C:\Windows\system32\tmumh\20019\AddOn\8.55.0.1333\TmUmEvt64.dll
0x00007ffd822c0000 - 0x00007ffd822c8000 	C:\Windows\System32\PSAPI.DLL
0x0000000075f30000 - 0x0000000076055000 	C:\Windows\system32\tmumh\20019\TmMon\2.9.0.1217\tmmon64.dll
0x00007ffd72080000 - 0x00007ffd7208c000 	C:\Program Files\Java\jdk-21.0.5\bin\vcruntime140_1.dll
0x00007ffd5c510000 - 0x00007ffd5c59e000 	C:\Program Files\Java\jdk-21.0.5\bin\msvcp140.dll
0x00007ffd12820000 - 0x00007ffd13538000 	C:\Program Files\Java\jdk-21.0.5\bin\server\jvm.dll
0x00007ffd83870000 - 0x00007ffd838db000 	C:\Windows\System32\WS2_32.dll
0x00007ffd815e0000 - 0x00007ffd8162b000 	C:\Windows\SYSTEM32\POWRPROF.dll
0x00007ffd6d720000 - 0x00007ffd6d747000 	C:\Windows\SYSTEM32\WINMM.dll
0x00007ffd815c0000 - 0x00007ffd815d2000 	C:\Windows\SYSTEM32\UMPDC.dll
0x00007ffd7f400000 - 0x00007ffd7f412000 	C:\Windows\SYSTEM32\kernel.appcore.dll
0x00007ffd5c500000 - 0x00007ffd5c50a000 	C:\Program Files\Java\jdk-21.0.5\bin\jimage.dll
0x00007ffd6d530000 - 0x00007ffd6d714000 	C:\Windows\SYSTEM32\DBGHELP.DLL
0x00007ffd6c8c0000 - 0x00007ffd6c8f4000 	C:\Windows\SYSTEM32\dbgcore.DLL
0x00007ffd81cf0000 - 0x00007ffd81d72000 	C:\Windows\System32\bcryptPrimitives.dll
0x00007ffd5c4e0000 - 0x00007ffd5c4ff000 	C:\Program Files\Java\jdk-21.0.5\bin\java.dll

dbghelp: loaded successfully - version: 4.0.5 - missing functions: none
symbol engine: initialized successfully - sym options: 0x614 - pdb path: .;C:\Program Files\Java\jdk-21.0.5\bin;C:\Windows\SYSTEM32;C:\Windows\WinSxS\amd64_microsoft.windows.common-controls_6595b64144ccf1df_6.0.19041.4355_none_60b8b9eb71f62e16;C:\Windows\system32\tmumh\20019\AddOn\8.55.0.1333;C:\Windows\system32\tmumh\20019\TmMon\2.9.0.1217;C:\Program Files\Java\jdk-21.0.5\bin\server

VM Arguments:
jvm_args: -Dclassworlds.conf=C:\apache-maven-3.9.2\bin\m2.conf -Dmaven.home=C:\apache-maven-3.9.2 -Dlibrary.jansi.path=C:\apache-maven-3.9.2\lib\jansi-native -Dmaven.multiModuleProjectDirectory=D:\Learning Workspace\Projects\posthub\posthub-main\backend 
java_command: org.codehaus.plexus.classworlds.launcher.Launcher spring-boot:run
java_class_path (initial): C:\apache-maven-3.9.2\boot\plexus-classworlds-2.7.0.jar
Launcher Type: SUN_STANDARD

[Global flags]
     intx CICompilerCount                          = 4                                         {product} {ergonomic}
     uint ConcGCThreads                            = 3                                         {product} {ergonomic}
     uint G1ConcRefinementThreads                  = 10                                        {product} {ergonomic}
   size_t G1HeapRegionSize                         = 2097152                                   {product} {ergonomic}
    uintx GCDrainStackTargetSize                   = 64                                        {product} {ergonomic}
   size_t InitialHeapSize                          = 266338304                                 {product} {ergonomic}
   size_t MarkStackSize                            = 4194304                                   {product} {ergonomic}
   size_t MaxHeapSize                              = 4238344192                                {product} {ergonomic}
   size_t MinHeapDeltaBytes                        = 2097152                                   {product} {ergonomic}
   size_t MinHeapSize                              = 8388608                                   {product} {ergonomic}
    uintx NonNMethodCodeHeapSize                   = 5839372                                {pd product} {ergonomic}
    uintx NonProfiledCodeHeapSize                  = 122909434                              {pd product} {ergonomic}
    uintx ProfiledCodeHeapSize                     = 122909434                              {pd product} {ergonomic}
    uintx ReservedCodeCacheSize                    = 251658240                              {pd product} {ergonomic}
     bool SegmentedCodeCache                       = true                                      {product} {ergonomic}
   size_t SoftMaxHeapSize                          = 4238344192                             {manageable} {ergonomic}
     bool UseCompressedOops                        = true                           {product lp64_product} {ergonomic}
     bool UseG1GC                                  = true                                      {product} {ergonomic}
     bool UseLargePagesIndividualAllocation        = false                                  {pd product} {ergonomic}

Logging:
Log output configuration:
 #0: stdout all=warning uptime,level,tags foldmultilines=false
 #1: stderr all=off uptime,level,tags foldmultilines=false

Environment Variables:
JAVA_HOME=C:\Program Files\Java\jdk-21.0.5
PATH=C:\Python312\Scripts\;C:\Python312\;C:\Windows\system32;C:\Windows;C:\Windows\System32\Wbem;C:\Windows\System32\WindowsPowerShell\v1.0\;C:\Windows\System32\OpenSSH\;C:\ProgramData\chocolatey\bin;Git\cmd;D:\program files\Git\bin;C:\Program Files (x86)\Microsoft SQL Server\150\DTS\Binn\;C:\Program Files\Azure Data Studio\bin;C:\Program Files\Java\jdk-21.0.5\bin;C:\Users\lodhishi\AppData\Roaming\nvm;C:\Program Files\nodejs;C:\Program Files\nodejs;C:\spark\bin;C:\spark\sbin;;C:\Program Files\Docker\Docker\resources\bin;C:\Users\lodhishi\AppData\Local\Microsoft\WindowsApps;D:\Application Data\Intellij idea\IntelliJ IDEA Community Edition 2023.1\bin;C:\Users\lodhishi\AppData\Local\Programs\Microsoft VS Code\bin;C:\apache-maven-3.9.2\bin;C:\Program Files\Azure Data Studio\bin;C:\Users\lodhishi\AppData\Roaming\nvm;C:\Program Files\nodejs;C:\Users\lodhishi\AppData\Local\Programs\Fiddler;C:\bigdata;C:\spark-3.4.0-bin-hadoop3\bin;C:\spark\bin;C:\hadoop-2.7.71;C:\Program Files\Java\jre1.8.0_181\bin;C:\Program Files\Java\jdk-21.0.5\bin;C:\Users\lodhishi\IntelliJ IDEA 2024.3.5\bin;;C:\Program Files\JetBrains\IntelliJ IDEA Community Edition 2024.3.5\bin;;C:\nginx-1.25.1;
USERNAME=lodhishi
OS=Windows_NT
PROCESSOR_IDENTIFIER=Intel64 Family 6 Model 165 Stepping 3, GenuineIntel
TMP=C:\Users\lodhishi\AppData\Local\Temp
TEMP=C:\Users\lodhishi\AppData\Local\Temp




Periodic native trim disabled

---------------  S Y S T E M  ---------------

OS:
 Windows 10 , 64 bit Build 19041 (10.0.19041.5198)
OS uptime: 7 days 8:43 hours
Hyper-V role detected

CPU: total 12 (initial active 12) (6 cores per cpu, 2 threads per core) family 6 model 165 stepping 3 microcode 0xea, cx8, cmov, fxsr, ht, mmx, 3dnowpref, sse, sse2, sse3, ssse3, sse4.1, sse4.2, popcnt, lzcnt, tsc, tscinvbit, avx, avx2, aes, erms, clmul, bmi1, bmi2, adx, fma, vzeroupper, clflush, clflushopt, hv, rdtscp, f16c
Processor Information for all 12 processors :
  Max Mhz: 2904, Current Mhz: 2904, Mhz Limit: 2904

Memory: 4k page, system-wide physical 16164M (650M free)
TotalPageFile size 43700M (AvailPageFile size 89M)
current process WorkingSet (physical memory assigned to process): 14M, peak: 14M
current process commit charge ("private bytes"): 67M, peak: 321M

vm_info: Java HotSpot(TM) 64-Bit Server VM (21.0.5+9-LTS-239) for windows-amd64 JRE (21.0.5+9-LTS-239), built on 2024-09-30T05:17:38Z by "mach5one" with MS VC++ 17.6 (VS2022)

END.
